<?xml version='1.0'?>
<ns2:test-suite xmlns:ns2='urn:model.allure.qatools.yandex.ru' start='1623266798537' stop='1623266798715'>
    <name>Logout from the home page.</name>
    <title>Logout from the home page.</title>
    <test-cases>
        <test-case start='1623266798539' status='broken' stop='1623266798560'>
            <name>1.- Open 'Swag Labs' Page</name>
            <title>1.- Open 'Swag Labs' Page</title>
            <labels>
                <label name='language' value='javascript'/>
                <label name='framework' value='wdio'/>
                <label name='thread' value='0-0'/>
            </labels>
            <parameters>
                <parameter kind='argument' name='browser' value='chrome-91.0.4472.77'/>
            </parameters>
            <steps>
                <step start='1623266798546' status='broken' stop='1623266798559'>
                    <name>GET /session/:sessionId/screenshot</name>
                    <title>GET /session/:sessionId/screenshot</title>
                    <attachments/>
                    <steps/>
                </step>
            </steps>
            <attachments/>
            <failure>
                <message>Cannot read property 'addFeature' of undefined</message>
                <stack-trace>TypeError: Cannot read property 'addFeature' of undefined
                    at Context.&lt;anonymous> (/home/danix/Documentos/javascript/automation/wizeline-challenge/test/specs/logout.e2e.js:10:24)
                    at Context.executeAsync (/home/danix/Documentos/javascript/automation/wizeline-challenge/node_modules/@wdio/utils/build/shim.js:136:25)
                    at Context.testFrameworkFnWrapper (/home/danix/Documentos/javascript/automation/wizeline-challenge/node_modules/@wdio/utils/build/test-framework/testFnWrapper.js:45:32)</stack-trace>
            </failure>
        </test-case>
        <test-case start='1623266798562' status='broken' stop='1623266798568'>
            <name>2.- Login with a valid 'username' and 'password'</name>
            <title>2.- Login with a valid 'username' and 'password'</title>
            <labels>
                <label name='language' value='javascript'/>
                <label name='framework' value='wdio'/>
                <label name='thread' value='0-0'/>
            </labels>
            <parameters>
                <parameter kind='argument' name='browser' value='chrome-91.0.4472.77'/>
            </parameters>
            <steps>
                <step start='1623266798564' status='broken' stop='1623266798568'>
                    <name>GET /session/:sessionId/screenshot</name>
                    <title>GET /session/:sessionId/screenshot</title>
                    <attachments/>
                    <steps/>
                </step>
            </steps>
            <attachments/>
            <failure>
                <message>Cannot read property 'addStep' of undefined</message>
                <stack-trace>TypeError: Cannot read property 'addStep' of undefined
                    at Context.&lt;anonymous> (/home/danix/Documentos/javascript/automation/wizeline-challenge/test/specs/logout.e2e.js:17:24)
                    at Context.executeAsync (/home/danix/Documentos/javascript/automation/wizeline-challenge/node_modules/@wdio/utils/build/shim.js:136:25)
                    at Context.testFrameworkFnWrapper (/home/danix/Documentos/javascript/automation/wizeline-challenge/node_modules/@wdio/utils/build/test-framework/testFnWrapper.js:45:32)</stack-trace>
            </failure>
        </test-case>
        <test-case start='1623266798574' status='broken' stop='1623266798583'>
            <name>3.- Validate 'Inventory Page' is displayed</name>
            <title>3.- Validate 'Inventory Page' is displayed</title>
            <labels>
                <label name='language' value='javascript'/>
                <label name='framework' value='wdio'/>
                <label name='thread' value='0-0'/>
            </labels>
            <parameters>
                <parameter kind='argument' name='browser' value='chrome-91.0.4472.77'/>
            </parameters>
            <steps>
                <step start='1623266798575' status='broken' stop='1623266798583'>
                    <name>GET /session/:sessionId/screenshot</name>
                    <title>GET /session/:sessionId/screenshot</title>
                    <attachments/>
                    <steps/>
                </step>
            </steps>
            <attachments/>
            <failure>
                <message>Cannot read property 'addStep' of undefined</message>
                <stack-trace>TypeError: Cannot read property 'addStep' of undefined
                    at Context.&lt;anonymous> (/home/danix/Documentos/javascript/automation/wizeline-challenge/test/specs/logout.e2e.js:22:24)
                    at Context.executeAsync (/home/danix/Documentos/javascript/automation/wizeline-challenge/node_modules/@wdio/utils/build/shim.js:136:25)
                    at Context.testFrameworkFnWrapper (/home/danix/Documentos/javascript/automation/wizeline-challenge/node_modules/@wdio/utils/build/test-framework/testFnWrapper.js:45:32)</stack-trace>
            </failure>
        </test-case>
        <test-case start='1623266798585' status='broken' stop='1623266798638'>
            <name>4.- Click on the 'burger menu' -> 'LOGOUT' Button</name>
            <title>4.- Click on the 'burger menu' -> 'LOGOUT' Button</title>
            <labels>
                <label name='language' value='javascript'/>
                <label name='framework' value='wdio'/>
                <label name='thread' value='0-0'/>
            </labels>
            <parameters>
                <parameter kind='argument' name='browser' value='chrome-91.0.4472.77'/>
            </parameters>
            <steps>
                <step start='1623266798588' status='broken' stop='1623266798638'>
                    <name>GET /session/:sessionId/screenshot</name>
                    <title>GET /session/:sessionId/screenshot</title>
                    <attachments/>
                    <steps/>
                </step>
            </steps>
            <attachments/>
            <failure>
                <message>Cannot read property 'addStep' of undefined</message>
                <stack-trace>TypeError: Cannot read property 'addStep' of undefined
                    at Context.&lt;anonymous> (/home/danix/Documentos/javascript/automation/wizeline-challenge/test/specs/logout.e2e.js:27:24)
                    at Context.executeAsync (/home/danix/Documentos/javascript/automation/wizeline-challenge/node_modules/@wdio/utils/build/shim.js:136:25)
                    at Context.testFrameworkFnWrapper (/home/danix/Documentos/javascript/automation/wizeline-challenge/node_modules/@wdio/utils/build/test-framework/testFnWrapper.js:45:32)</stack-trace>
            </failure>
        </test-case>
        <test-case start='1623266798647' status='broken' stop='1623266798676'>
            <name>5.- Validate 'Login Page' is displayed</name>
            <title>5.- Validate 'Login Page' is displayed</title>
            <labels>
                <label name='language' value='javascript'/>
                <label name='framework' value='wdio'/>
                <label name='thread' value='0-0'/>
            </labels>
            <parameters>
                <parameter kind='argument' name='browser' value='chrome-91.0.4472.77'/>
            </parameters>
            <steps>
                <step start='1623266798652' status='broken' stop='1623266798676'>
                    <name>GET /session/:sessionId/screenshot</name>
                    <title>GET /session/:sessionId/screenshot</title>
                    <attachments/>
                    <steps/>
                </step>
            </steps>
            <attachments/>
            <failure>
                <message>Cannot read property 'addStep' of undefined</message>
                <stack-trace>TypeError: Cannot read property 'addStep' of undefined
                    at Context.&lt;anonymous> (/home/danix/Documentos/javascript/automation/wizeline-challenge/test/specs/logout.e2e.js:32:24)
                    at Context.executeAsync (/home/danix/Documentos/javascript/automation/wizeline-challenge/node_modules/@wdio/utils/build/shim.js:136:25)
                    at Context.testFrameworkFnWrapper (/home/danix/Documentos/javascript/automation/wizeline-challenge/node_modules/@wdio/utils/build/test-framework/testFnWrapper.js:45:32)</stack-trace>
            </failure>
        </test-case>
    </test-cases>
</ns2:test-suite>