<?xml version='1.0'?>
<ns2:test-suite xmlns:ns2='urn:model.allure.qatools.yandex.ru' start='1623267432162' stop='1623267432287'>
    <name>Logout from the home page.</name>
    <title>Logout from the home page.</title>
    <test-cases>
        <test-case start='1623267432165' status='broken' stop='1623267432195'>
            <name>1.- Open 'Swag Labs' Page</name>
            <title>1.- Open 'Swag Labs' Page</title>
            <labels>
                <label name='language' value='javascript'/>
                <label name='framework' value='wdio'/>
                <label name='thread' value='1-0'/>
            </labels>
            <parameters>
                <parameter kind='argument' name='browser' value='firefox-89.0'/>
            </parameters>
            <steps>
                <step start='1623267432178' status='broken' stop='1623267432194'>
                    <name>GET /session/:sessionId/screenshot</name>
                    <title>GET /session/:sessionId/screenshot</title>
                    <attachments/>
                    <steps/>
                </step>
            </steps>
            <attachments/>
            <failure>
                <message>allureReporter.addFeature is not a function</message>
                <stack-trace>TypeError: allureReporter.addFeature is not a function
                    at Context.&lt;anonymous> (/home/danix/Documentos/javascript/automation/wizeline-challenge/test/specs/logout.e2e.js:10:24)
                    at Context.executeAsync (/home/danix/Documentos/javascript/automation/wizeline-challenge/node_modules/@wdio/utils/build/shim.js:136:25)
                    at Context.testFrameworkFnWrapper (/home/danix/Documentos/javascript/automation/wizeline-challenge/node_modules/@wdio/utils/build/test-framework/testFnWrapper.js:45:32)</stack-trace>
            </failure>
        </test-case>
        <test-case start='1623267432198' status='broken' stop='1623267432209'>
            <name>2.- Login with a valid 'username' and 'password'</name>
            <title>2.- Login with a valid 'username' and 'password'</title>
            <labels>
                <label name='language' value='javascript'/>
                <label name='framework' value='wdio'/>
                <label name='thread' value='1-0'/>
            </labels>
            <parameters>
                <parameter kind='argument' name='browser' value='firefox-89.0'/>
            </parameters>
            <steps>
                <step start='1623267432203' status='broken' stop='1623267432208'>
                    <name>GET /session/:sessionId/screenshot</name>
                    <title>GET /session/:sessionId/screenshot</title>
                    <attachments/>
                    <steps/>
                </step>
            </steps>
            <attachments/>
            <failure>
                <message>allureReporter.addStep is not a function</message>
                <stack-trace>TypeError: allureReporter.addStep is not a function
                    at Context.&lt;anonymous> (/home/danix/Documentos/javascript/automation/wizeline-challenge/test/specs/logout.e2e.js:17:24)
                    at Context.executeAsync (/home/danix/Documentos/javascript/automation/wizeline-challenge/node_modules/@wdio/utils/build/shim.js:136:25)
                    at Context.testFrameworkFnWrapper (/home/danix/Documentos/javascript/automation/wizeline-challenge/node_modules/@wdio/utils/build/test-framework/testFnWrapper.js:45:32)</stack-trace>
            </failure>
        </test-case>
        <test-case start='1623267432210' status='broken' stop='1623267432227'>
            <name>3.- Validate 'Inventory Page' is displayed</name>
            <title>3.- Validate 'Inventory Page' is displayed</title>
            <labels>
                <label name='language' value='javascript'/>
                <label name='framework' value='wdio'/>
                <label name='thread' value='1-0'/>
            </labels>
            <parameters>
                <parameter kind='argument' name='browser' value='firefox-89.0'/>
            </parameters>
            <steps>
                <step start='1623267432221' status='broken' stop='1623267432226'>
                    <name>GET /session/:sessionId/screenshot</name>
                    <title>GET /session/:sessionId/screenshot</title>
                    <attachments/>
                    <steps/>
                </step>
            </steps>
            <attachments/>
            <failure>
                <message>allureReporter.addStep is not a function</message>
                <stack-trace>TypeError: allureReporter.addStep is not a function
                    at Context.&lt;anonymous> (/home/danix/Documentos/javascript/automation/wizeline-challenge/test/specs/logout.e2e.js:22:24)
                    at Context.executeAsync (/home/danix/Documentos/javascript/automation/wizeline-challenge/node_modules/@wdio/utils/build/shim.js:136:25)
                    at Context.testFrameworkFnWrapper (/home/danix/Documentos/javascript/automation/wizeline-challenge/node_modules/@wdio/utils/build/test-framework/testFnWrapper.js:45:32)</stack-trace>
            </failure>
        </test-case>
        <test-case start='1623267432229' status='broken' stop='1623267432247'>
            <name>4.- Click on the 'burger menu' -> 'LOGOUT' Button</name>
            <title>4.- Click on the 'burger menu' -> 'LOGOUT' Button</title>
            <labels>
                <label name='language' value='javascript'/>
                <label name='framework' value='wdio'/>
                <label name='thread' value='1-0'/>
            </labels>
            <parameters>
                <parameter kind='argument' name='browser' value='firefox-89.0'/>
            </parameters>
            <steps>
                <step start='1623267432230' status='broken' stop='1623267432247'>
                    <name>GET /session/:sessionId/screenshot</name>
                    <title>GET /session/:sessionId/screenshot</title>
                    <attachments/>
                    <steps/>
                </step>
            </steps>
            <attachments/>
            <failure>
                <message>allureReporter.addStep is not a function</message>
                <stack-trace>TypeError: allureReporter.addStep is not a function
                    at Context.&lt;anonymous> (/home/danix/Documentos/javascript/automation/wizeline-challenge/test/specs/logout.e2e.js:27:24)
                    at Context.executeAsync (/home/danix/Documentos/javascript/automation/wizeline-challenge/node_modules/@wdio/utils/build/shim.js:136:25)
                    at Context.testFrameworkFnWrapper (/home/danix/Documentos/javascript/automation/wizeline-challenge/node_modules/@wdio/utils/build/test-framework/testFnWrapper.js:45:32)</stack-trace>
            </failure>
        </test-case>
        <test-case start='1623267432261' status='broken' stop='1623267432269'>
            <name>5.- Validate 'Login Page' is displayed</name>
            <title>5.- Validate 'Login Page' is displayed</title>
            <labels>
                <label name='language' value='javascript'/>
                <label name='framework' value='wdio'/>
                <label name='thread' value='1-0'/>
            </labels>
            <parameters>
                <parameter kind='argument' name='browser' value='firefox-89.0'/>
            </parameters>
            <steps>
                <step start='1623267432265' status='broken' stop='1623267432269'>
                    <name>GET /session/:sessionId/screenshot</name>
                    <title>GET /session/:sessionId/screenshot</title>
                    <attachments/>
                    <steps/>
                </step>
            </steps>
            <attachments/>
            <failure>
                <message>allureReporter.addStep is not a function</message>
                <stack-trace>TypeError: allureReporter.addStep is not a function
                    at Context.&lt;anonymous> (/home/danix/Documentos/javascript/automation/wizeline-challenge/test/specs/logout.e2e.js:32:24)
                    at Context.executeAsync (/home/danix/Documentos/javascript/automation/wizeline-challenge/node_modules/@wdio/utils/build/shim.js:136:25)
                    at Context.testFrameworkFnWrapper (/home/danix/Documentos/javascript/automation/wizeline-challenge/node_modules/@wdio/utils/build/test-framework/testFnWrapper.js:45:32)</stack-trace>
            </failure>
        </test-case>
    </test-cases>
</ns2:test-suite>